<?xml version="1.0" encoding="UTF-8" ?>
<testsuite tests="5" failures="0" name="com.yichuan.text.TestMapper" time="0.501" errors="0" skipped="0">
  <properties>
[...]
</properties>
  <testcase classname="com.yichuan.text.TestMapper" name="queryEmp" time="0.358"/>
  <testcase classname="com.yichuan.text.TestMapper" name="countEmp" time="0.01"/>
  <testcase classname="com.yichuan.text.TestMapper" name="addEmpList" time="0.069"/>
  <testcase classname="com.yichuan.text.TestMapper" name="queryEmpWithDept" time="0.017"/>
  <testcase classname="com.yichuan.text.TestMapper" name="queryEmpWithDepts" time="0.047"/>
</testsuite>