<?xml version="1.0" encoding="UTF-8" ?>
<testsuite tests="1" failures="0" name="com.yichuan.text.PageHelperTest" time="0.063" errors="1" skipped="0">
  <properties>
[...]
</properties>
  <testcase classname="com.yichuan.text.PageHelperTest" name="testPage" time="0.063">
    <error type="java.lang.NullPointerException">java.lang.NullPointerException
	at com.yichuan.text.PageHelperTest.testPage(PageHelperTest.java:58)
	at sun.reflect.NativeMethodAccessorImpl.invoke0(Native Method)
	at sun.reflect.NativeMethodAccessorImpl.invoke(NativeMethodAccessorImpl.java:62)
	at sun.reflect.DelegatingMethodAccessorImpl.invoke(DelegatingMethodAccessorImpl.java:43)
	at java.lang.reflect.Method.invoke(Method.java:498)
	at org.junit.runners.model.FrameworkMethod$1.runReflectiveCall(FrameworkMethod.java:50)
	at org.junit.internal.runners.model.ReflectiveCallable.run(ReflectiveCallable.java:12)
	at org.junit.runners.model.FrameworkMethod.invokeExplosively(FrameworkMethod.java:47)
	at org.junit.internal.runners.statements.InvokeMethod.evaluate(InvokeMethod.java:17)
	at org.junit.internal.runners.statements.RunBefores.evaluate(RunBefores.java:26)
	at org.springframework.test.context.junit4.statements.RunBeforeTestMethodCallbacks.evaluate(RunBeforeTestMethodCallbacks.java:75)
	at org.springframework.test.context.junit4.statements.RunAfterTestMethodCallbacks.evaluate(RunAfterTestMethodCallbacks.java:86)
	at org.springframework.test.context.junit4.statements.SpringRepeat.evaluate(SpringRepeat.java:84)
	at org.junit.runners.ParentRunner.runLeaf(ParentRunner.java:325)
	at org.springframework.test.context.junit4.SpringJUnit4ClassRunner.runChild(SpringJUnit4ClassRunner.java:252)
	at org.springframework.test.context.junit4.SpringJUnit4ClassRunner.runChild(SpringJUnit4ClassRunner.java:94)
	at org.junit.runners.ParentRunner$3.run(ParentRunner.java:290)
	at org.junit.runners.ParentRunner$1.schedule(ParentRunner.java:71)
	at org.junit.runners.ParentRunner.runChildren(ParentRunner.java:288)
	at org.junit.runners.ParentRunner.access$000(ParentRunner.java:58)
	at org.junit.runners.ParentRunner$2.evaluate(ParentRunner.java:268)
	at org.springframework.test.context.junit4.statements.RunBeforeTestClassCallbacks.evaluate(RunBeforeTestClassCallbacks.java:61)
	at org.springframework.test.context.junit4.statements.RunAfterTestClassCallbacks.evaluate(RunAfterTestClassCallbacks.java:70)
	at org.junit.runners.ParentRunner.run(ParentRunner.java:363)
	at org.springframework.test.context.junit4.SpringJUnit4ClassRunner.run(SpringJUnit4ClassRunner.java:191)
	at org.apache.maven.surefire.junit4.JUnit4Provider.execute(JUnit4Provider.java:252)
	at org.apache.maven.surefire.junit4.JUnit4Provider.executeTestSet(JUnit4Provider.java:141)
	at org.apache.maven.surefire.junit4.JUnit4Provider.invoke(JUnit4Provider.java:112)
	at sun.reflect.NativeMethodAccessorImpl.invoke0(Native Method)
	at sun.reflect.NativeMethodAccessorImpl.invoke(NativeMethodAccessorImpl.java:62)
	at sun.reflect.DelegatingMethodAccessorImpl.invoke(DelegatingMethodAccessorImpl.java:43)
	at java.lang.reflect.Method.invoke(Method.java:498)
	at org.apache.maven.surefire.util.ReflectionUtils.invokeMethodWithArray(ReflectionUtils.java:189)
	at org.apache.maven.surefire.booter.ProviderFactory$ProviderProxy.invoke(ProviderFactory.java:165)
	at org.apache.maven.surefire.booter.ProviderFactory.invokeProvider(ProviderFactory.java:85)
	at org.apache.maven.surefire.booter.ForkedBooter.runSuitesInProcess(ForkedBooter.java:115)
	at org.apache.maven.surefire.booter.ForkedBooter.main(ForkedBooter.java:75)
</error>
    <system-out>[org.springframework.test.context.web.WebTestContextBootstrapper] - Loaded default TestExecutionListener class names from location [META-INF/spring.factories]: [org.springframework.test.context.web.ServletTestExecutionListener, org.springframework.test.context.support.DirtiesContextBeforeModesTestExecutionListener, org.springframework.test.context.support.DependencyInjectionTestExecutionListener, org.springframework.test.context.support.DirtiesContextTestExecutionListener, org.springframework.test.context.transaction.TransactionalTestExecutionListener, org.springframework.test.context.jdbc.SqlScriptsTestExecutionListener]
  [org.springframework.test.context.web.WebTestContextBootstrapper] - Using TestExecutionListeners: [org.springframework.test.context.web.ServletTestExecutionListener@66480dd7, org.springframework.test.context.support.DirtiesContextBeforeModesTestExecutionListener@52a86356, org.springframework.test.context.support.DependencyInjectionTestExecutionListener@5ce81285, org.springframework.test.context.support.DirtiesContextTestExecutionListener@78c03f1f, org.springframework.test.context.transaction.TransactionalTestExecutionListener@5ec0a365, org.springframework.test.context.jdbc.SqlScriptsTestExecutionListener@4fe3c938]
  [org.springframework.beans.factory.xml.XmlBeanDefinitionReader] - Loading XML bean definitions from class path resource [spring-mybatis.xml]
  [org.springframework.beans.factory.xml.XmlBeanDefinitionReader] - Loading XML bean definitions from class path resource [spring-mvc.xml]
  [org.springframework.web.context.support.GenericWebApplicationContext] - Refreshing org.springframework.web.context.support.GenericWebApplicationContext@4bbfb90a: startup date [Fri Aug 30 12:46:14 CST 2019]; root of context hierarchy
  [org.springframework.web.servlet.handler.SimpleUrlHandlerMapping] - Mapped URL path [/**] onto handler &apos;org.springframework.web.servlet.resource.DefaultServletHttpRequestHandler#0&apos;
  [org.springframework.web.servlet.mvc.method.annotation.RequestMappingHandlerMapping] - Mapped &quot;{[/DEPT/queryDept]}&quot; onto public com.yichuan.entity.Msg com.yichuan.controller.DeptController.queryDept()
  [org.springframework.web.servlet.mvc.method.annotation.RequestMappingHandlerMapping] - Mapped &quot;{[/EMP/emps2]}&quot; onto public java.lang.String com.yichuan.controller.EmpController.queryEmp()
  [org.springframework.web.servlet.mvc.method.annotation.RequestMappingHandlerMapping] - Mapped &quot;{[/EMP/queryEmp],methods=[GET]}&quot; onto public com.yichuan.entity.Msg com.yichuan.controller.EmpController.queryEmp(int)
  [org.springframework.web.servlet.mvc.method.annotation.RequestMappingHandlerMapping] - Mapped &quot;{[/EMP/queryEmpCount],methods=[GET]}&quot; onto public com.yichuan.entity.Msg com.yichuan.controller.EmpController.countEmp(java.lang.String) throws java.io.UnsupportedEncodingException
  [org.springframework.web.servlet.mvc.method.annotation.RequestMappingHandlerMapping] - Mapped &quot;{[/EMP/saveEmp],methods=[POST]}&quot; onto public com.yichuan.entity.Msg com.yichuan.controller.EmpController.saveEmp(com.yichuan.entity.Emp)
  [org.springframework.web.servlet.mvc.method.annotation.RequestMappingHandlerMapping] - Mapped &quot;{[/EMP/showEmpJson]}&quot; onto public java.lang.String com.yichuan.controller.EmpController.getShowEmpJson()
  [org.springframework.web.servlet.mvc.method.annotation.RequestMappingHandlerMapping] - Mapped &quot;{[/EMP/empsJson],methods=[GET]}&quot; onto public com.yichuan.entity.Msg com.yichuan.controller.EmpController.queryEmpsJson(java.lang.Integer)
  [org.springframework.web.servlet.mvc.method.annotation.RequestMappingHandlerMapping] - Mapped &quot;{[/EMP/emps]}&quot; onto public java.lang.String com.yichuan.controller.EmpController.queryEmps(java.lang.Integer,org.springframework.ui.Model,javax.servlet.http.HttpServletRequest)
  [org.springframework.web.servlet.mvc.method.annotation.RequestMappingHandlerMapping] - Mapped &quot;{[/EMP/updateEmp],methods=[PUT]}&quot; onto public com.yichuan.entity.Msg com.yichuan.controller.EmpController.updateEmp(com.yichuan.entity.Emp)
  [org.springframework.web.servlet.mvc.method.annotation.RequestMappingHandlerMapping] - Mapped &quot;{[/upload/fileupload]}&quot; onto public void com.yichuan.controller.upload.UploadController.springUpload(javax.servlet.http.HttpServletRequest,org.springframework.ui.Model) throws java.lang.IllegalStateException,java.io.IOException
  [org.springframework.web.servlet.mvc.method.annotation.RequestMappingHandlerAdapter] - Looking for @ControllerAdvice: org.springframework.web.context.support.GenericWebApplicationContext@4bbfb90a: startup date [Fri Aug 30 12:46:14 CST 2019]; root of context hierarchy
  [org.springframework.web.servlet.mvc.method.annotation.RequestMappingHandlerAdapter] - Looking for @ControllerAdvice: org.springframework.web.context.support.GenericWebApplicationContext@4bbfb90a: startup date [Fri Aug 30 12:46:14 CST 2019]; root of context hierarchy
  [org.springframework.jdbc.datasource.DriverManagerDataSource] - Loaded JDBC driver: com.mysql.jdbc.Driver
  测试
[org.springframework.mock.web.MockServletContext] - Initializing Spring FrameworkServlet &apos;&apos;
  [org.springframework.test.web.servlet.TestDispatcherServlet] - FrameworkServlet &apos;&apos;: initialization started
  [org.springframework.test.web.servlet.TestDispatcherServlet] - FrameworkServlet &apos;&apos;: initialization completed in 11 ms
  null
</system-out>
  </testcase>
</testsuite>